<?xml version="1.0" encoding="UTF-8"?>
<!-- Generated by org.testng.reporters.JUnitReportReporter -->
<testsuite name="com.mercurytravel.test.HomepageTests" tests="2" time="4.055" ignored="0" failures="0" timestamp="22 Jul 2018 17:09:20 GMT" skipped="0" hostname="DESKTOP-R0QK2O8" errors="0">
  <testcase name="verifyTitleOfThePage" time="0.035" classname="com.mercurytravel.test.HomepageTests"/>
  <testcase name="verifyUserLogin" time="4.020" classname="com.mercurytravel.test.HomepageTests"/>
</testsuite> <!-- com.mercurytravel.test.HomepageTests -->
