<?xml version="1.0" encoding="UTF-8"?>
<!-- Generated by org.testng.reporters.JUnitReportReporter -->
<testsuite name="test.DemoTestDataProvider" tests="2" time="0.035" ignored="0" failures="0" timestamp="28 Jul 2018 16:51:14 GMT" skipped="0" hostname="DESKTOP-R0QK2O8" errors="0">
  <testcase name="printTestData" time="0.009" classname="test.DemoTestDataProvider"/>
  <testcase name="printTestData" time="0.026" classname="test.DemoTestDataProvider"/>
</testsuite> <!-- test.DemoTestDataProvider -->
